Determining if the __GLIBC__ exist failed with the following output:
Change Dir: /home/david_marinho/AndroidStudioProjects/android-project/app/.cxx/Debug/3s1ks5x4/x86/CMakeFiles/CMakeTmp

Run Build Command(s):/home/david_marinho/Android/Sdk/cmake/3.22.1/bin/ninja cmTC_db51b && [1/2] Building C object CMakeFiles/cmTC_db51b.dir/CheckSymbolExists.c.o
FAILED: CMakeFiles/cmTC_db51b.dir/CheckSymbolExists.c.o 
/home/david_marinho/Android/Sdk/ndk/25.1.8937393/toolchains/llvm/prebuilt/linux-x86_64/bin/clang --target=i686-none-linux-android19 --sysroot=/home/david_marinho/Android/Sdk/ndk/25.1.8937393/toolchains/llvm/prebuilt/linux-x86_64/sysroot   -g -DANDROID -fdata-sections -ffunction-sections -funwind-tables -fstack-protector-strong -no-canonical-prefixes -mstackrealign -D_FORTIFY_SOURCE=2 -Wformat -Werror=format-security   -fPIE -MD -MT CMakeFiles/cmTC_db51b.dir/CheckSymbolExists.c.o -MF CMakeFiles/cmTC_db51b.dir/CheckSymbolExists.c.o.d -o CMakeFiles/cmTC_db51b.dir/CheckSymbolExists.c.o -c /home/david_marinho/AndroidStudioProjects/android-project/app/.cxx/Debug/3s1ks5x4/x86/CMakeFiles/CMakeTmp/CheckSymbolExists.c
/home/david_marinho/AndroidStudioProjects/android-project/app/.cxx/Debug/3s1ks5x4/x86/CMakeFiles/CMakeTmp/CheckSymbolExists.c:8:19: error: use of undeclared identifier '__GLIBC__'
  return ((int*)(&__GLIBC__))[argc];
                  ^
1 error generated.
ninja: build stopped: subcommand failed.


File /home/david_marinho/AndroidStudioProjects/android-project/app/.cxx/Debug/3s1ks5x4/x86/CMakeFiles/CMakeTmp/CheckSymbolExists.c:
/* */
#include <stdlib.h>

int main(int argc, char** argv)
{
  (void)argv;
#ifndef __GLIBC__
  return ((int*)(&__GLIBC__))[argc];
#else
  (void)argc;
  return 0;
#endif
}
Performing C SOURCE FILE Test CHECK_CPU_ARCHITECTURE_X64 failed with the following output:
Change Dir: /home/david_marinho/AndroidStudioProjects/android-project/app/.cxx/Debug/3s1ks5x4/x86/CMakeFiles/CMakeTmp

Run Build Command(s):/home/david_marinho/Android/Sdk/cmake/3.22.1/bin/ninja cmTC_e3157 && [1/2] Building C object CMakeFiles/cmTC_e3157.dir/src.c.o
FAILED: CMakeFiles/cmTC_e3157.dir/src.c.o 
/home/david_marinho/Android/Sdk/ndk/25.1.8937393/toolchains/llvm/prebuilt/linux-x86_64/bin/clang --target=i686-none-linux-android19 --sysroot=/home/david_marinho/Android/Sdk/ndk/25.1.8937393/toolchains/llvm/prebuilt/linux-x86_64/sysroot -DCHECK_CPU_ARCHITECTURE_X64  -g -DANDROID -fdata-sections -ffunction-sections -funwind-tables -fstack-protector-strong -no-canonical-prefixes -mstackrealign -D_FORTIFY_SOURCE=2 -Wformat -Werror=format-security   -fPIE -MD -MT CMakeFiles/cmTC_e3157.dir/src.c.o -MF CMakeFiles/cmTC_e3157.dir/src.c.o.d -o CMakeFiles/cmTC_e3157.dir/src.c.o -c /home/david_marinho/AndroidStudioProjects/android-project/app/.cxx/Debug/3s1ks5x4/x86/CMakeFiles/CMakeTmp/src.c
/home/david_marinho/AndroidStudioProjects/android-project/app/.cxx/Debug/3s1ks5x4/x86/CMakeFiles/CMakeTmp/src.c:6:3: error: use of undeclared identifier 'choke'
  choke
  ^
1 error generated.
ninja: build stopped: subcommand failed.


Source file was:

int main(int argc, char *argv[]) {
#if defined(__amd64__) || defined(__amd64) || defined(__x86_64__) || defined(__x86_64) || defined(_M_X64) || defined(_M_AMD64)
  return 0;
#else
  choke
#endif
}

Performing C SOURCE FILE Test CHECK_CPU_ARCHITECTURE_ARM32 failed with the following output:
Change Dir: /home/david_marinho/AndroidStudioProjects/android-project/app/.cxx/Debug/3s1ks5x4/x86/CMakeFiles/CMakeTmp

Run Build Command(s):/home/david_marinho/Android/Sdk/cmake/3.22.1/bin/ninja cmTC_44093 && [1/2] Building C object CMakeFiles/cmTC_44093.dir/src.c.o
FAILED: CMakeFiles/cmTC_44093.dir/src.c.o 
/home/david_marinho/Android/Sdk/ndk/25.1.8937393/toolchains/llvm/prebuilt/linux-x86_64/bin/clang --target=i686-none-linux-android19 --sysroot=/home/david_marinho/Android/Sdk/ndk/25.1.8937393/toolchains/llvm/prebuilt/linux-x86_64/sysroot -DCHECK_CPU_ARCHITECTURE_ARM32  -g -DANDROID -fdata-sections -ffunction-sections -funwind-tables -fstack-protector-strong -no-canonical-prefixes -mstackrealign -D_FORTIFY_SOURCE=2 -Wformat -Werror=format-security   -fPIE -MD -MT CMakeFiles/cmTC_44093.dir/src.c.o -MF CMakeFiles/cmTC_44093.dir/src.c.o.d -o CMakeFiles/cmTC_44093.dir/src.c.o -c /home/david_marinho/AndroidStudioProjects/android-project/app/.cxx/Debug/3s1ks5x4/x86/CMakeFiles/CMakeTmp/src.c
/home/david_marinho/AndroidStudioProjects/android-project/app/.cxx/Debug/3s1ks5x4/x86/CMakeFiles/CMakeTmp/src.c:6:3: error: use of undeclared identifier 'choke'
  choke
  ^
1 error generated.
ninja: build stopped: subcommand failed.


Source file was:

int main(int argc, char *argv[]) {
#if defined(__arm__) || defined(_M_ARM)
  return 0;
#else
  choke
#endif
}

Performing C SOURCE FILE Test CHECK_CPU_ARCHITECTURE_ARM64 failed with the following output:
Change Dir: /home/david_marinho/AndroidStudioProjects/android-project/app/.cxx/Debug/3s1ks5x4/x86/CMakeFiles/CMakeTmp

Run Build Command(s):/home/david_marinho/Android/Sdk/cmake/3.22.1/bin/ninja cmTC_0cf9c && [1/2] Building C object CMakeFiles/cmTC_0cf9c.dir/src.c.o
FAILED: CMakeFiles/cmTC_0cf9c.dir/src.c.o 
/home/david_marinho/Android/Sdk/ndk/25.1.8937393/toolchains/llvm/prebuilt/linux-x86_64/bin/clang --target=i686-none-linux-android19 --sysroot=/home/david_marinho/Android/Sdk/ndk/25.1.8937393/toolchains/llvm/prebuilt/linux-x86_64/sysroot -DCHECK_CPU_ARCHITECTURE_ARM64  -g -DANDROID -fdata-sections -ffunction-sections -funwind-tables -fstack-protector-strong -no-canonical-prefixes -mstackrealign -D_FORTIFY_SOURCE=2 -Wformat -Werror=format-security   -fPIE -MD -MT CMakeFiles/cmTC_0cf9c.dir/src.c.o -MF CMakeFiles/cmTC_0cf9c.dir/src.c.o.d -o CMakeFiles/cmTC_0cf9c.dir/src.c.o -c /home/david_marinho/AndroidStudioProjects/android-project/app/.cxx/Debug/3s1ks5x4/x86/CMakeFiles/CMakeTmp/src.c
/home/david_marinho/AndroidStudioProjects/android-project/app/.cxx/Debug/3s1ks5x4/x86/CMakeFiles/CMakeTmp/src.c:6:3: error: use of undeclared identifier 'choke'
  choke
  ^
1 error generated.
ninja: build stopped: subcommand failed.


Source file was:

int main(int argc, char *argv[]) {
#if defined(__aarch64__) || defined(_M_ARM64)
  return 0;
#else
  choke
#endif
}

Performing C SOURCE FILE Test CHECK_CPU_ARCHITECTURE_LOONGARCH64 failed with the following output:
Change Dir: /home/david_marinho/AndroidStudioProjects/android-project/app/.cxx/Debug/3s1ks5x4/x86/CMakeFiles/CMakeTmp

Run Build Command(s):/home/david_marinho/Android/Sdk/cmake/3.22.1/bin/ninja cmTC_754f3 && [1/2] Building C object CMakeFiles/cmTC_754f3.dir/src.c.o
FAILED: CMakeFiles/cmTC_754f3.dir/src.c.o 
/home/david_marinho/Android/Sdk/ndk/25.1.8937393/toolchains/llvm/prebuilt/linux-x86_64/bin/clang --target=i686-none-linux-android19 --sysroot=/home/david_marinho/Android/Sdk/ndk/25.1.8937393/toolchains/llvm/prebuilt/linux-x86_64/sysroot -DCHECK_CPU_ARCHITECTURE_LOONGARCH64  -g -DANDROID -fdata-sections -ffunction-sections -funwind-tables -fstack-protector-strong -no-canonical-prefixes -mstackrealign -D_FORTIFY_SOURCE=2 -Wformat -Werror=format-security   -fPIE -MD -MT CMakeFiles/cmTC_754f3.dir/src.c.o -MF CMakeFiles/cmTC_754f3.dir/src.c.o.d -o CMakeFiles/cmTC_754f3.dir/src.c.o -c /home/david_marinho/AndroidStudioProjects/android-project/app/.cxx/Debug/3s1ks5x4/x86/CMakeFiles/CMakeTmp/src.c
/home/david_marinho/AndroidStudioProjects/android-project/app/.cxx/Debug/3s1ks5x4/x86/CMakeFiles/CMakeTmp/src.c:6:3: error: use of undeclared identifier 'choke'
  choke
  ^
1 error generated.
ninja: build stopped: subcommand failed.


Source file was:

int main(int argc, char *argv[]) {
#if defined(__loongarch64)
  return 0;
#else
  choke
#endif
}

Performing C SOURCE FILE Test HAVE_ALTIVEC_H_HDR failed with the following output:
Change Dir: /home/david_marinho/AndroidStudioProjects/android-project/app/.cxx/Debug/3s1ks5x4/x86/CMakeFiles/CMakeTmp

Run Build Command(s):/home/david_marinho/Android/Sdk/cmake/3.22.1/bin/ninja cmTC_f4c6a && [1/2] Building C object CMakeFiles/cmTC_f4c6a.dir/src.c.o
FAILED: CMakeFiles/cmTC_f4c6a.dir/src.c.o 
/home/david_marinho/Android/Sdk/ndk/25.1.8937393/toolchains/llvm/prebuilt/linux-x86_64/bin/clang --target=i686-none-linux-android19 --sysroot=/home/david_marinho/Android/Sdk/ndk/25.1.8937393/toolchains/llvm/prebuilt/linux-x86_64/sysroot -DHAVE_ALTIVEC_H_HDR  -g -DANDROID -fdata-sections -ffunction-sections -funwind-tables -fstack-protector-strong -no-canonical-prefixes -mstackrealign -D_FORTIFY_SOURCE=2 -Wformat -Werror=format-security  -idirafter "/home/david_marinho/AndroidStudioProjects/android-project/app/jni/SDL/src/video/khronos" -maltivec -fPIE -MD -MT CMakeFiles/cmTC_f4c6a.dir/src.c.o -MF CMakeFiles/cmTC_f4c6a.dir/src.c.o.d -o CMakeFiles/cmTC_f4c6a.dir/src.c.o -c /home/david_marinho/AndroidStudioProjects/android-project/app/.cxx/Debug/3s1ks5x4/x86/CMakeFiles/CMakeTmp/src.c
clang: warning: argument unused during compilation: '-maltivec' [-Wunused-command-line-argument]
In file included from /home/david_marinho/AndroidStudioProjects/android-project/app/.cxx/Debug/3s1ks5x4/x86/CMakeFiles/CMakeTmp/src.c:2:
/home/david_marinho/Android/Sdk/ndk/25.1.8937393/toolchains/llvm/prebuilt/linux-x86_64/lib64/clang/14.0.6/include/altivec.h:13:2: error: "AltiVec support not enabled"
#error "AltiVec support not enabled"
 ^
/home/david_marinho/Android/Sdk/ndk/25.1.8937393/toolchains/llvm/prebuilt/linux-x86_64/lib64/clang/14.0.6/include/altivec.h:50:19: error: unknown type name 'vector'
static __inline__ vector signed char __ATTRS_o_ai vec_perm(
                  ^
/home/david_marinho/Android/Sdk/ndk/25.1.8937393/toolchains/llvm/prebuilt/linux-x86_64/lib64/clang/14.0.6/include/altivec.h:51:5: error: unknown type name 'vector'
    vector signed char __a, vector signed char __b, vector unsigned char __c);
    ^
/home/david_marinho/Android/Sdk/ndk/25.1.8937393/toolchains/llvm/prebuilt/linux-x86_64/lib64/clang/14.0.6/include/altivec.h:51:29: error: unknown type name 'vector'
    vector signed char __a, vector signed char __b, vector unsigned char __c);
                            ^
/home/david_marinho/Android/Sdk/ndk/25.1.8937393/toolchains/llvm/prebuilt/linux-x86_64/lib64/clang/14.0.6/include/altivec.h:51:53: error: unknown type name 'vector'
    vector signed char __a, vector signed char __b, vector unsigned char __c);
                                                    ^
/home/david_marinho/Android/Sdk/ndk/25.1.8937393/toolchains/llvm/prebuilt/linux-x86_64/lib64/clang/14.0.6/include/altivec.h:53:19: error: unknown type name 'vector'
static __inline__ vector unsigned char __ATTRS_o_ai
                  ^
/home/david_marinho/Android/Sdk/ndk/25.1.8937393/toolchains/llvm/prebuilt/linux-x86_64/lib64/clang/14.0.6/include/altivec.h:54:10: error: unknown type name 'vector'
vec_perm(vector unsigned char __a, vector unsigned char __b,
         ^
/home/david_marinho/Android/Sdk/ndk/25.1.8937393/toolchains/llvm/prebuilt/linux-x86_64/lib64/clang/14.0.6/include/altivec.h:54:36: error: unknown type name 'vector'
vec_perm(vector unsigned char __a, vector unsigned char __b,
                                   ^
/home/david_marinho/Android/Sdk/ndk/25.1.8937393/toolchains/llvm/prebuilt/linux-x86_64/lib64/clang/14.0.6/include/altivec.h:55:10: error: unknown type name 'vector'
         vector unsigned char __c);
         ^
/home/david_marinho/Android/Sdk/ndk/25.1.8937393/toolchains/llvm/prebuilt/linux-x86_64/lib64/clang/14.0.6/include/altivec.h:57:19: error: unknown type name 'vector'
static __inline__ vector bool char __ATTRS_o_ai
                  ^
/home/david_marinho/Android/Sdk/ndk/25.1.8937393/toolchains/llvm/prebuilt/linux-x86_64/lib64/clang/14.0.6/include/altivec.h:57:8: error: 'inline' can only appear on functions
static __inline__ vector bool char __ATTRS_o_ai
       ^
/home/david_marinho/Android/Sdk/ndk/25.1.8937393/toolchains/llvm/prebuilt/linux-x86_64/lib64/clang/14.0.6/include/altivec.h:57:30: error: expected ';' after top level declarator
static __inline__ vector bool char __ATTRS_o_ai
                             ^
/home/david_marinho/Android/Sdk/ndk/25.1.8937393/toolchains/llvm/prebuilt/linux-x86_64/lib64/clang/14.0.6/include/altivec.h:58:10: error: unknown type name 'vector'
vec_perm(vector bool char __a, vector bool char __b, vector unsigned char __c);
         ^
/home/david_marinho/Android/Sdk/ndk/25.1.8937393/toolchains/llvm/prebuilt/linux-x86_64/lib64/clang/14.0.6/include/altivec.h:58:22: error: expected ')'
vec_perm(vector bool char __a, vector bool char __b, vector unsigned char __c);
                     ^
/home/david_marinho/Android/Sdk/ndk/25.1.8937393/toolchains/llvm/prebuilt/linux-x86_64/lib64/clang/14.0.6/include/altivec.h:58:9: note: to match this '('
vec_perm(vector bool char __a, vector bool char __b, vector unsigned char __c);
        ^
/home/david_marinho/Android/Sdk/ndk/25.1.8937393/toolchains/llvm/prebuilt/linux-x86_64/lib64/clang/14.0.6/include/altivec.h:60:19: error: unknown type name 'vector'
static __inline__ vector short __ATTRS_o_ai vec_perm(vector signed short __a,
                  ^
/home/david_marinho/Android/Sdk/ndk/25.1.8937393/toolchains/llvm/prebuilt/linux-x86_64/lib64/clang/14.0.6/include/altivec.h:60:54: error: unknown type name 'vector'
static __inline__ vector short __ATTRS_o_ai vec_perm(vector signed short __a,
                                                     ^
/home/david_marinho/Android/Sdk/ndk/25.1.8937393/toolchains/llvm/prebuilt/linux-x86_64/lib64/clang/14.0.6/include/altivec.h:61:54: error: unknown type name 'vector'
                                                     vector signed short __b,
                                                     ^
/home/david_marinho/Android/Sdk/ndk/25.1.8937393/toolchains/llvm/prebuilt/linux-x86_64/lib64/clang/14.0.6/include/altivec.h:62:54: error: unknown type name 'vector'
                                                     vector unsigned char __c);
                                                     ^
/home/david_marinho/Android/Sdk/ndk/25.1.8937393/toolchains/llvm/prebuilt/linux-x86_64/lib64/clang/14.0.6/include/altivec.h:64:19: error: unknown type name 'vector'
static __inline__ vector unsigned short __ATTRS_o_ai
                  ^
fatal error: too many errors emitted, stopping now [-ferror-limit=]
20 errors generated.
ninja: build stopped: subcommand failed.


Source file was:

          #include <altivec.h>
          vector unsigned int vzero() {
              return vec_splat_u32(0);
          }
          int main(int argc, char **argv) { return 0; }
Performing C SOURCE FILE Test CPU_SUPPORTS_ALTIVEC failed with the following output:
Change Dir: /home/david_marinho/AndroidStudioProjects/android-project/app/.cxx/Debug/3s1ks5x4/x86/CMakeFiles/CMakeTmp

Run Build Command(s):/home/david_marinho/Android/Sdk/cmake/3.22.1/bin/ninja cmTC_dc475 && [1/2] Building C object CMakeFiles/cmTC_dc475.dir/src.c.o
FAILED: CMakeFiles/cmTC_dc475.dir/src.c.o 
/home/david_marinho/Android/Sdk/ndk/25.1.8937393/toolchains/llvm/prebuilt/linux-x86_64/bin/clang --target=i686-none-linux-android19 --sysroot=/home/david_marinho/Android/Sdk/ndk/25.1.8937393/toolchains/llvm/prebuilt/linux-x86_64/sysroot -DCPU_SUPPORTS_ALTIVEC  -g -DANDROID -fdata-sections -ffunction-sections -funwind-tables -fstack-protector-strong -no-canonical-prefixes -mstackrealign -D_FORTIFY_SOURCE=2 -Wformat -Werror=format-security  -idirafter "/home/david_marinho/AndroidStudioProjects/android-project/app/jni/SDL/src/video/khronos" -maltivec -fPIE -MD -MT CMakeFiles/cmTC_dc475.dir/src.c.o -MF CMakeFiles/cmTC_dc475.dir/src.c.o.d -o CMakeFiles/cmTC_dc475.dir/src.c.o -c /home/david_marinho/AndroidStudioProjects/android-project/app/.cxx/Debug/3s1ks5x4/x86/CMakeFiles/CMakeTmp/src.c
clang: warning: argument unused during compilation: '-maltivec' [-Wunused-command-line-argument]
/home/david_marinho/AndroidStudioProjects/android-project/app/.cxx/Debug/3s1ks5x4/x86/CMakeFiles/CMakeTmp/src.c:2:11: error: unknown type name 'vector'
          vector unsigned int vzero() {
          ^
/home/david_marinho/AndroidStudioProjects/android-project/app/.cxx/Debug/3s1ks5x4/x86/CMakeFiles/CMakeTmp/src.c:3:22: warning: implicit declaration of function 'vec_splat_u32' is invalid in C99 [-Wimplicit-function-declaration]
              return vec_splat_u32(0);
                     ^
1 warning and 1 error generated.
ninja: build stopped: subcommand failed.


Source file was:

          vector unsigned int vzero() {
              return vec_splat_u32(0);
          }
          int main(int argc, char **argv) { return 0; }
Determining if the _strrev exist failed with the following output:
Change Dir: /home/david_marinho/AndroidStudioProjects/android-project/app/.cxx/Debug/3s1ks5x4/x86/CMakeFiles/CMakeTmp

Run Build Command(s):/home/david_marinho/Android/Sdk/cmake/3.22.1/bin/ninja cmTC_b9763 && [1/2] Building C object CMakeFiles/cmTC_b9763.dir/CheckSymbolExists.c.o
FAILED: CMakeFiles/cmTC_b9763.dir/CheckSymbolExists.c.o 
/home/david_marinho/Android/Sdk/ndk/25.1.8937393/toolchains/llvm/prebuilt/linux-x86_64/bin/clang --target=i686-none-linux-android19 --sysroot=/home/david_marinho/Android/Sdk/ndk/25.1.8937393/toolchains/llvm/prebuilt/linux-x86_64/sysroot   -g -DANDROID -fdata-sections -ffunction-sections -funwind-tables -fstack-protector-strong -no-canonical-prefixes -mstackrealign -D_FORTIFY_SOURCE=2 -Wformat -Werror=format-security  -idirafter "/home/david_marinho/AndroidStudioProjects/android-project/app/jni/SDL/src/video/khronos"  -D_GNU_SOURCE=1 -fPIE -MD -MT CMakeFiles/cmTC_b9763.dir/CheckSymbolExists.c.o -MF CMakeFiles/cmTC_b9763.dir/CheckSymbolExists.c.o.d -o CMakeFiles/cmTC_b9763.dir/CheckSymbolExists.c.o -c /home/david_marinho/AndroidStudioProjects/android-project/app/.cxx/Debug/3s1ks5x4/x86/CMakeFiles/CMakeTmp/CheckSymbolExists.c
/home/david_marinho/AndroidStudioProjects/android-project/app/.cxx/Debug/3s1ks5x4/x86/CMakeFiles/CMakeTmp/CheckSymbolExists.c:14:19: error: use of undeclared identifier '_strrev'; did you mean 'strsep'?
  return ((int*)(&_strrev))[argc];
                  ^~~~~~~
                  strsep
/home/david_marinho/Android/Sdk/ndk/25.1.8937393/toolchains/llvm/prebuilt/linux-x86_64/sysroot/usr/include/string.h:150:7: note: 'strsep' declared here
char* strsep(char** __s_ptr, const char* __delimiter);
      ^
1 error generated.
ninja: build stopped: subcommand failed.


File /home/david_marinho/AndroidStudioProjects/android-project/app/.cxx/Debug/3s1ks5x4/x86/CMakeFiles/CMakeTmp/CheckSymbolExists.c:
/* */
#include <stddef.h>
#include <stdarg.h>
#include <stdlib.h>
#include <string.h>
#include <stdio.h>
#include <wchar.h>
#include <float.h>

int main(int argc, char** argv)
{
  (void)argv;
#ifndef _strrev
  return ((int*)(&_strrev))[argc];
#else
  (void)argc;
  return 0;
#endif
}
Determining if the _strupr exist failed with the following output:
Change Dir: /home/david_marinho/AndroidStudioProjects/android-project/app/.cxx/Debug/3s1ks5x4/x86/CMakeFiles/CMakeTmp

Run Build Command(s):/home/david_marinho/Android/Sdk/cmake/3.22.1/bin/ninja cmTC_252c0 && [1/2] Building C object CMakeFiles/cmTC_252c0.dir/CheckSymbolExists.c.o
FAILED: CMakeFiles/cmTC_252c0.dir/CheckSymbolExists.c.o 
/home/david_marinho/Android/Sdk/ndk/25.1.8937393/toolchains/llvm/prebuilt/linux-x86_64/bin/clang --target=i686-none-linux-android19 --sysroot=/home/david_marinho/Android/Sdk/ndk/25.1.8937393/toolchains/llvm/prebuilt/linux-x86_64/sysroot   -g -DANDROID -fdata-sections -ffunction-sections -funwind-tables -fstack-protector-strong -no-canonical-prefixes -mstackrealign -D_FORTIFY_SOURCE=2 -Wformat -Werror=format-security  -idirafter "/home/david_marinho/AndroidStudioProjects/android-project/app/jni/SDL/src/video/khronos"  -D_GNU_SOURCE=1 -fPIE -MD -MT CMakeFiles/cmTC_252c0.dir/CheckSymbolExists.c.o -MF CMakeFiles/cmTC_252c0.dir/CheckSymbolExists.c.o.d -o CMakeFiles/cmTC_252c0.dir/CheckSymbolExists.c.o -c /home/david_marinho/AndroidStudioProjects/android-project/app/.cxx/Debug/3s1ks5x4/x86/CMakeFiles/CMakeTmp/CheckSymbolExists.c
/home/david_marinho/AndroidStudioProjects/android-project/app/.cxx/Debug/3s1ks5x4/x86/CMakeFiles/CMakeTmp/CheckSymbolExists.c:14:19: error: use of undeclared identifier '_strupr'
  return ((int*)(&_strupr))[argc];
                  ^
1 error generated.
ninja: build stopped: subcommand failed.


File /home/david_marinho/AndroidStudioProjects/android-project/app/.cxx/Debug/3s1ks5x4/x86/CMakeFiles/CMakeTmp/CheckSymbolExists.c:
/* */
#include <stddef.h>
#include <stdarg.h>
#include <stdlib.h>
#include <string.h>
#include <stdio.h>
#include <wchar.h>
#include <float.h>

int main(int argc, char** argv)
{
  (void)argv;
#ifndef _strupr
  return ((int*)(&_strupr))[argc];
#else
  (void)argc;
  return 0;
#endif
}
Determining if the _strlwr exist failed with the following output:
Change Dir: /home/david_marinho/AndroidStudioProjects/android-project/app/.cxx/Debug/3s1ks5x4/x86/CMakeFiles/CMakeTmp

Run Build Command(s):/home/david_marinho/Android/Sdk/cmake/3.22.1/bin/ninja cmTC_27786 && [1/2] Building C object CMakeFiles/cmTC_27786.dir/CheckSymbolExists.c.o
FAILED: CMakeFiles/cmTC_27786.dir/CheckSymbolExists.c.o 
/home/david_marinho/Android/Sdk/ndk/25.1.8937393/toolchains/llvm/prebuilt/linux-x86_64/bin/clang --target=i686-none-linux-android19 --sysroot=/home/david_marinho/Android/Sdk/ndk/25.1.8937393/toolchains/llvm/prebuilt/linux-x86_64/sysroot   -g -DANDROID -fdata-sections -ffunction-sections -funwind-tables -fstack-protector-strong -no-canonical-prefixes -mstackrealign -D_FORTIFY_SOURCE=2 -Wformat -Werror=format-security  -idirafter "/home/david_marinho/AndroidStudioProjects/android-project/app/jni/SDL/src/video/khronos"  -D_GNU_SOURCE=1 -fPIE -MD -MT CMakeFiles/cmTC_27786.dir/CheckSymbolExists.c.o -MF CMakeFiles/cmTC_27786.dir/CheckSymbolExists.c.o.d -o CMakeFiles/cmTC_27786.dir/CheckSymbolExists.c.o -c /home/david_marinho/AndroidStudioProjects/android-project/app/.cxx/Debug/3s1ks5x4/x86/CMakeFiles/CMakeTmp/CheckSymbolExists.c
/home/david_marinho/AndroidStudioProjects/android-project/app/.cxx/Debug/3s1ks5x4/x86/CMakeFiles/CMakeTmp/CheckSymbolExists.c:14:19: error: use of undeclared identifier '_strlwr'; did you mean 'strstr'?
  return ((int*)(&_strlwr))[argc];
                  ^~~~~~~
                  strstr
/home/david_marinho/Android/Sdk/ndk/25.1.8937393/toolchains/llvm/prebuilt/linux-x86_64/sysroot/usr/include/string.h:112:7: note: 'strstr' declared here
char* strstr(const char* __haystack, const char* __needle) __attribute_pure__;
      ^
1 error generated.
ninja: build stopped: subcommand failed.


File /home/david_marinho/AndroidStudioProjects/android-project/app/.cxx/Debug/3s1ks5x4/x86/CMakeFiles/CMakeTmp/CheckSymbolExists.c:
/* */
#include <stddef.h>
#include <stdarg.h>
#include <stdlib.h>
#include <string.h>
#include <stdio.h>
#include <wchar.h>
#include <float.h>

int main(int argc, char** argv)
{
  (void)argv;
#ifndef _strlwr
  return ((int*)(&_strlwr))[argc];
#else
  (void)argc;
  return 0;
#endif
}
Determining if the index exist failed with the following output:
Change Dir: /home/david_marinho/AndroidStudioProjects/android-project/app/.cxx/Debug/3s1ks5x4/x86/CMakeFiles/CMakeTmp

Run Build Command(s):/home/david_marinho/Android/Sdk/cmake/3.22.1/bin/ninja cmTC_68509 && [1/2] Building C object CMakeFiles/cmTC_68509.dir/CheckSymbolExists.c.o
/home/david_marinho/AndroidStudioProjects/android-project/app/.cxx/Debug/3s1ks5x4/x86/CMakeFiles/CMakeTmp/CheckSymbolExists.c:14:19: warning: implicitly declaring library function 'index' with type 'char *(const char *, int)' [-Wimplicit-function-declaration]
  return ((int*)(&index))[argc];
                  ^
/home/david_marinho/AndroidStudioProjects/android-project/app/.cxx/Debug/3s1ks5x4/x86/CMakeFiles/CMakeTmp/CheckSymbolExists.c:14:19: note: include the header <strings.h> or explicitly provide a declaration for 'index'
1 warning generated.
[2/2] Linking C executable cmTC_68509
FAILED: cmTC_68509 
: && /home/david_marinho/Android/Sdk/ndk/25.1.8937393/toolchains/llvm/prebuilt/linux-x86_64/bin/clang --target=i686-none-linux-android19 --sysroot=/home/david_marinho/Android/Sdk/ndk/25.1.8937393/toolchains/llvm/prebuilt/linux-x86_64/sysroot -g -DANDROID -fdata-sections -ffunction-sections -funwind-tables -fstack-protector-strong -no-canonical-prefixes -mstackrealign -D_FORTIFY_SOURCE=2 -Wformat -Werror=format-security  -idirafter "/home/david_marinho/AndroidStudioProjects/android-project/app/jni/SDL/src/video/khronos"  -D_GNU_SOURCE=1 -static-libstdc++ -Wl,--build-id=sha1 -Wl,--no-rosegment -Wl,--fatal-warnings -Wl,--gc-sections -Wl,--no-undefined -Qunused-arguments -Wl,--gc-sections CMakeFiles/cmTC_68509.dir/CheckSymbolExists.c.o -o cmTC_68509  -latomic -lm && :
ld: error: undefined symbol: index
>>> referenced by CheckSymbolExists.c:14
>>>               CMakeFiles/cmTC_68509.dir/CheckSymbolExists.c.o:(main)
>>> referenced by CheckSymbolExists.c:14
>>>               CMakeFiles/cmTC_68509.dir/CheckSymbolExists.c.o:(main)
clang: error: linker command failed with exit code 1 (use -v to see invocation)
ninja: build stopped: subcommand failed.


File /home/david_marinho/AndroidStudioProjects/android-project/app/.cxx/Debug/3s1ks5x4/x86/CMakeFiles/CMakeTmp/CheckSymbolExists.c:
/* */
#include <stddef.h>
#include <stdarg.h>
#include <stdlib.h>
#include <string.h>
#include <stdio.h>
#include <wchar.h>
#include <float.h>

int main(int argc, char** argv)
{
  (void)argv;
#ifndef index
  return ((int*)(&index))[argc];
#else
  (void)argc;
  return 0;
#endif
}
Determining if the rindex exist failed with the following output:
Change Dir: /home/david_marinho/AndroidStudioProjects/android-project/app/.cxx/Debug/3s1ks5x4/x86/CMakeFiles/CMakeTmp

Run Build Command(s):/home/david_marinho/Android/Sdk/cmake/3.22.1/bin/ninja cmTC_63691 && [1/2] Building C object CMakeFiles/cmTC_63691.dir/CheckSymbolExists.c.o
/home/david_marinho/AndroidStudioProjects/android-project/app/.cxx/Debug/3s1ks5x4/x86/CMakeFiles/CMakeTmp/CheckSymbolExists.c:14:19: warning: implicitly declaring library function 'rindex' with type 'char *(const char *, int)' [-Wimplicit-function-declaration]
  return ((int*)(&rindex))[argc];
                  ^
/home/david_marinho/AndroidStudioProjects/android-project/app/.cxx/Debug/3s1ks5x4/x86/CMakeFiles/CMakeTmp/CheckSymbolExists.c:14:19: note: include the header <strings.h> or explicitly provide a declaration for 'rindex'
1 warning generated.
[2/2] Linking C executable cmTC_63691
FAILED: cmTC_63691 
: && /home/david_marinho/Android/Sdk/ndk/25.1.8937393/toolchains/llvm/prebuilt/linux-x86_64/bin/clang --target=i686-none-linux-android19 --sysroot=/home/david_marinho/Android/Sdk/ndk/25.1.8937393/toolchains/llvm/prebuilt/linux-x86_64/sysroot -g -DANDROID -fdata-sections -ffunction-sections -funwind-tables -fstack-protector-strong -no-canonical-prefixes -mstackrealign -D_FORTIFY_SOURCE=2 -Wformat -Werror=format-security  -idirafter "/home/david_marinho/AndroidStudioProjects/android-project/app/jni/SDL/src/video/khronos"  -D_GNU_SOURCE=1 -static-libstdc++ -Wl,--build-id=sha1 -Wl,--no-rosegment -Wl,--fatal-warnings -Wl,--gc-sections -Wl,--no-undefined -Qunused-arguments -Wl,--gc-sections CMakeFiles/cmTC_63691.dir/CheckSymbolExists.c.o -o cmTC_63691  -latomic -lm && :
ld: error: undefined symbol: rindex
>>> referenced by CheckSymbolExists.c:14
>>>               CMakeFiles/cmTC_63691.dir/CheckSymbolExists.c.o:(main)
>>> referenced by CheckSymbolExists.c:14
>>>               CMakeFiles/cmTC_63691.dir/CheckSymbolExists.c.o:(main)
clang: error: linker command failed with exit code 1 (use -v to see invocation)
ninja: build stopped: subcommand failed.


File /home/david_marinho/AndroidStudioProjects/android-project/app/.cxx/Debug/3s1ks5x4/x86/CMakeFiles/CMakeTmp/CheckSymbolExists.c:
/* */
#include <stddef.h>
#include <stdarg.h>
#include <stdlib.h>
#include <string.h>
#include <stdio.h>
#include <wchar.h>
#include <float.h>

int main(int argc, char** argv)
{
  (void)argv;
#ifndef rindex
  return ((int*)(&rindex))[argc];
#else
  (void)argc;
  return 0;
#endif
}
Determining if the itoa exist failed with the following output:
Change Dir: /home/david_marinho/AndroidStudioProjects/android-project/app/.cxx/Debug/3s1ks5x4/x86/CMakeFiles/CMakeTmp

Run Build Command(s):/home/david_marinho/Android/Sdk/cmake/3.22.1/bin/ninja cmTC_7c5dd && [1/2] Building C object CMakeFiles/cmTC_7c5dd.dir/CheckSymbolExists.c.o
FAILED: CMakeFiles/cmTC_7c5dd.dir/CheckSymbolExists.c.o 
/home/david_marinho/Android/Sdk/ndk/25.1.8937393/toolchains/llvm/prebuilt/linux-x86_64/bin/clang --target=i686-none-linux-android19 --sysroot=/home/david_marinho/Android/Sdk/ndk/25.1.8937393/toolchains/llvm/prebuilt/linux-x86_64/sysroot   -g -DANDROID -fdata-sections -ffunction-sections -funwind-tables -fstack-protector-strong -no-canonical-prefixes -mstackrealign -D_FORTIFY_SOURCE=2 -Wformat -Werror=format-security  -idirafter "/home/david_marinho/AndroidStudioProjects/android-project/app/jni/SDL/src/video/khronos"  -D_GNU_SOURCE=1 -fPIE -MD -MT CMakeFiles/cmTC_7c5dd.dir/CheckSymbolExists.c.o -MF CMakeFiles/cmTC_7c5dd.dir/CheckSymbolExists.c.o.d -o CMakeFiles/cmTC_7c5dd.dir/CheckSymbolExists.c.o -c /home/david_marinho/AndroidStudioProjects/android-project/app/.cxx/Debug/3s1ks5x4/x86/CMakeFiles/CMakeTmp/CheckSymbolExists.c
/home/david_marinho/AndroidStudioProjects/android-project/app/.cxx/Debug/3s1ks5x4/x86/CMakeFiles/CMakeTmp/CheckSymbolExists.c:14:19: error: use of undeclared identifier 'itoa'
  return ((int*)(&itoa))[argc];
                  ^
1 error generated.
ninja: build stopped: subcommand failed.


File /home/david_marinho/AndroidStudioProjects/android-project/app/.cxx/Debug/3s1ks5x4/x86/CMakeFiles/CMakeTmp/CheckSymbolExists.c:
/* */
#include <stddef.h>
#include <stdarg.h>
#include <stdlib.h>
#include <string.h>
#include <stdio.h>
#include <wchar.h>
#include <float.h>

int main(int argc, char** argv)
{
  (void)argv;
#ifndef itoa
  return ((int*)(&itoa))[argc];
#else
  (void)argc;
  return 0;
#endif
}
Determining if the _ltoa exist failed with the following output:
Change Dir: /home/david_marinho/AndroidStudioProjects/android-project/app/.cxx/Debug/3s1ks5x4/x86/CMakeFiles/CMakeTmp

Run Build Command(s):/home/david_marinho/Android/Sdk/cmake/3.22.1/bin/ninja cmTC_86fe8 && [1/2] Building C object CMakeFiles/cmTC_86fe8.dir/CheckSymbolExists.c.o
FAILED: CMakeFiles/cmTC_86fe8.dir/CheckSymbolExists.c.o 
/home/david_marinho/Android/Sdk/ndk/25.1.8937393/toolchains/llvm/prebuilt/linux-x86_64/bin/clang --target=i686-none-linux-android19 --sysroot=/home/david_marinho/Android/Sdk/ndk/25.1.8937393/toolchains/llvm/prebuilt/linux-x86_64/sysroot   -g -DANDROID -fdata-sections -ffunction-sections -funwind-tables -fstack-protector-strong -no-canonical-prefixes -mstackrealign -D_FORTIFY_SOURCE=2 -Wformat -Werror=format-security  -idirafter "/home/david_marinho/AndroidStudioProjects/android-project/app/jni/SDL/src/video/khronos"  -D_GNU_SOURCE=1 -fPIE -MD -MT CMakeFiles/cmTC_86fe8.dir/CheckSymbolExists.c.o -MF CMakeFiles/cmTC_86fe8.dir/CheckSymbolExists.c.o.d -o CMakeFiles/cmTC_86fe8.dir/CheckSymbolExists.c.o -c /home/david_marinho/AndroidStudioProjects/android-project/app/.cxx/Debug/3s1ks5x4/x86/CMakeFiles/CMakeTmp/CheckSymbolExists.c
/home/david_marinho/AndroidStudioProjects/android-project/app/.cxx/Debug/3s1ks5x4/x86/CMakeFiles/CMakeTmp/CheckSymbolExists.c:14:19: error: use of undeclared identifier '_ltoa'
  return ((int*)(&_ltoa))[argc];
                  ^
1 error generated.
ninja: build stopped: subcommand failed.


File /home/david_marinho/AndroidStudioProjects/android-project/app/.cxx/Debug/3s1ks5x4/x86/CMakeFiles/CMakeTmp/CheckSymbolExists.c:
/* */
#include <stddef.h>
#include <stdarg.h>
#include <stdlib.h>
#include <string.h>
#include <stdio.h>
#include <wchar.h>
#include <float.h>

int main(int argc, char** argv)
{
  (void)argv;
#ifndef _ltoa
  return ((int*)(&_ltoa))[argc];
#else
  (void)argc;
  return 0;
#endif
}
Determining if the _uitoa exist failed with the following output:
Change Dir: /home/david_marinho/AndroidStudioProjects/android-project/app/.cxx/Debug/3s1ks5x4/x86/CMakeFiles/CMakeTmp

Run Build Command(s):/home/david_marinho/Android/Sdk/cmake/3.22.1/bin/ninja cmTC_f21d1 && [1/2] Building C object CMakeFiles/cmTC_f21d1.dir/CheckSymbolExists.c.o
FAILED: CMakeFiles/cmTC_f21d1.dir/CheckSymbolExists.c.o 
/home/david_marinho/Android/Sdk/ndk/25.1.8937393/toolchains/llvm/prebuilt/linux-x86_64/bin/clang --target=i686-none-linux-android19 --sysroot=/home/david_marinho/Android/Sdk/ndk/25.1.8937393/toolchains/llvm/prebuilt/linux-x86_64/sysroot   -g -DANDROID -fdata-sections -ffunction-sections -funwind-tables -fstack-protector-strong -no-canonical-prefixes -mstackrealign -D_FORTIFY_SOURCE=2 -Wformat -Werror=format-security  -idirafter "/home/david_marinho/AndroidStudioProjects/android-project/app/jni/SDL/src/video/khronos"  -D_GNU_SOURCE=1 -fPIE -MD -MT CMakeFiles/cmTC_f21d1.dir/CheckSymbolExists.c.o -MF CMakeFiles/cmTC_f21d1.dir/CheckSymbolExists.c.o.d -o CMakeFiles/cmTC_f21d1.dir/CheckSymbolExists.c.o -c /home/david_marinho/AndroidStudioProjects/android-project/app/.cxx/Debug/3s1ks5x4/x86/CMakeFiles/CMakeTmp/CheckSymbolExists.c
/home/david_marinho/AndroidStudioProjects/android-project/app/.cxx/Debug/3s1ks5x4/x86/CMakeFiles/CMakeTmp/CheckSymbolExists.c:14:19: error: use of undeclared identifier '_uitoa'
  return ((int*)(&_uitoa))[argc];
                  ^
1 error generated.
ninja: build stopped: subcommand failed.


File /home/david_marinho/AndroidStudioProjects/android-project/app/.cxx/Debug/3s1ks5x4/x86/CMakeFiles/CMakeTmp/CheckSymbolExists.c:
/* */
#include <stddef.h>
#include <stdarg.h>
#include <stdlib.h>
#include <string.h>
#include <stdio.h>
#include <wchar.h>
#include <float.h>

int main(int argc, char** argv)
{
  (void)argv;
#ifndef _uitoa
  return ((int*)(&_uitoa))[argc];
#else
  (void)argc;
  return 0;
#endif
}
Determining if the _ultoa exist failed with the following output:
Change Dir: /home/david_marinho/AndroidStudioProjects/android-project/app/.cxx/Debug/3s1ks5x4/x86/CMakeFiles/CMakeTmp

Run Build Command(s):/home/david_marinho/Android/Sdk/cmake/3.22.1/bin/ninja cmTC_a7336 && [1/2] Building C object CMakeFiles/cmTC_a7336.dir/CheckSymbolExists.c.o
FAILED: CMakeFiles/cmTC_a7336.dir/CheckSymbolExists.c.o 
/home/david_marinho/Android/Sdk/ndk/25.1.8937393/toolchains/llvm/prebuilt/linux-x86_64/bin/clang --target=i686-none-linux-android19 --sysroot=/home/david_marinho/Android/Sdk/ndk/25.1.8937393/toolchains/llvm/prebuilt/linux-x86_64/sysroot   -g -DANDROID -fdata-sections -ffunction-sections -funwind-tables -fstack-protector-strong -no-canonical-prefixes -mstackrealign -D_FORTIFY_SOURCE=2 -Wformat -Werror=format-security  -idirafter "/home/david_marinho/AndroidStudioProjects/android-project/app/jni/SDL/src/video/khronos"  -D_GNU_SOURCE=1 -fPIE -MD -MT CMakeFiles/cmTC_a7336.dir/CheckSymbolExists.c.o -MF CMakeFiles/cmTC_a7336.dir/CheckSymbolExists.c.o.d -o CMakeFiles/cmTC_a7336.dir/CheckSymbolExists.c.o -c /home/david_marinho/AndroidStudioProjects/android-project/app/.cxx/Debug/3s1ks5x4/x86/CMakeFiles/CMakeTmp/CheckSymbolExists.c
/home/david_marinho/AndroidStudioProjects/android-project/app/.cxx/Debug/3s1ks5x4/x86/CMakeFiles/CMakeTmp/CheckSymbolExists.c:14:19: error: use of undeclared identifier '_ultoa'
  return ((int*)(&_ultoa))[argc];
                  ^
1 error generated.
ninja: build stopped: subcommand failed.


File /home/david_marinho/AndroidStudioProjects/android-project/app/.cxx/Debug/3s1ks5x4/x86/CMakeFiles/CMakeTmp/CheckSymbolExists.c:
/* */
#include <stddef.h>
#include <stdarg.h>
#include <stdlib.h>
#include <string.h>
#include <stdio.h>
#include <wchar.h>
#include <float.h>

int main(int argc, char** argv)
{
  (void)argv;
#ifndef _ultoa
  return ((int*)(&_ultoa))[argc];
#else
  (void)argc;
  return 0;
#endif
}
Determining if the _i64toa exist failed with the following output:
Change Dir: /home/david_marinho/AndroidStudioProjects/android-project/app/.cxx/Debug/3s1ks5x4/x86/CMakeFiles/CMakeTmp

Run Build Command(s):/home/david_marinho/Android/Sdk/cmake/3.22.1/bin/ninja cmTC_549f4 && [1/2] Building C object CMakeFiles/cmTC_549f4.dir/CheckSymbolExists.c.o
FAILED: CMakeFiles/cmTC_549f4.dir/CheckSymbolExists.c.o 
/home/david_marinho/Android/Sdk/ndk/25.1.8937393/toolchains/llvm/prebuilt/linux-x86_64/bin/clang --target=i686-none-linux-android19 --sysroot=/home/david_marinho/Android/Sdk/ndk/25.1.8937393/toolchains/llvm/prebuilt/linux-x86_64/sysroot   -g -DANDROID -fdata-sections -ffunction-sections -funwind-tables -fstack-protector-strong -no-canonical-prefixes -mstackrealign -D_FORTIFY_SOURCE=2 -Wformat -Werror=format-security  -idirafter "/home/david_marinho/AndroidStudioProjects/android-project/app/jni/SDL/src/video/khronos"  -D_GNU_SOURCE=1 -fPIE -MD -MT CMakeFiles/cmTC_549f4.dir/CheckSymbolExists.c.o -MF CMakeFiles/cmTC_549f4.dir/CheckSymbolExists.c.o.d -o CMakeFiles/cmTC_549f4.dir/CheckSymbolExists.c.o -c /home/david_marinho/AndroidStudioProjects/android-project/app/.cxx/Debug/3s1ks5x4/x86/CMakeFiles/CMakeTmp/CheckSymbolExists.c
/home/david_marinho/AndroidStudioProjects/android-project/app/.cxx/Debug/3s1ks5x4/x86/CMakeFiles/CMakeTmp/CheckSymbolExists.c:14:19: error: use of undeclared identifier '_i64toa'
  return ((int*)(&_i64toa))[argc];
                  ^
1 error generated.
ninja: build stopped: subcommand failed.


File /home/david_marinho/AndroidStudioProjects/android-project/app/.cxx/Debug/3s1ks5x4/x86/CMakeFiles/CMakeTmp/CheckSymbolExists.c:
/* */
#include <stddef.h>
#include <stdarg.h>
#include <stdlib.h>
#include <string.h>
#include <stdio.h>
#include <wchar.h>
#include <float.h>

int main(int argc, char** argv)
{
  (void)argv;
#ifndef _i64toa
  return ((int*)(&_i64toa))[argc];
#else
  (void)argc;
  return 0;
#endif
}
Determining if the _ui64toa exist failed with the following output:
Change Dir: /home/david_marinho/AndroidStudioProjects/android-project/app/.cxx/Debug/3s1ks5x4/x86/CMakeFiles/CMakeTmp

Run Build Command(s):/home/david_marinho/Android/Sdk/cmake/3.22.1/bin/ninja cmTC_12d70 && [1/2] Building C object CMakeFiles/cmTC_12d70.dir/CheckSymbolExists.c.o
FAILED: CMakeFiles/cmTC_12d70.dir/CheckSymbolExists.c.o 
/home/david_marinho/Android/Sdk/ndk/25.1.8937393/toolchains/llvm/prebuilt/linux-x86_64/bin/clang --target=i686-none-linux-android19 --sysroot=/home/david_marinho/Android/Sdk/ndk/25.1.8937393/toolchains/llvm/prebuilt/linux-x86_64/sysroot   -g -DANDROID -fdata-sections -ffunction-sections -funwind-tables -fstack-protector-strong -no-canonical-prefixes -mstackrealign -D_FORTIFY_SOURCE=2 -Wformat -Werror=format-security  -idirafter "/home/david_marinho/AndroidStudioProjects/android-project/app/jni/SDL/src/video/khronos"  -D_GNU_SOURCE=1 -fPIE -MD -MT CMakeFiles/cmTC_12d70.dir/CheckSymbolExists.c.o -MF CMakeFiles/cmTC_12d70.dir/CheckSymbolExists.c.o.d -o CMakeFiles/cmTC_12d70.dir/CheckSymbolExists.c.o -c /home/david_marinho/AndroidStudioProjects/android-project/app/.cxx/Debug/3s1ks5x4/x86/CMakeFiles/CMakeTmp/CheckSymbolExists.c
/home/david_marinho/AndroidStudioProjects/android-project/app/.cxx/Debug/3s1ks5x4/x86/CMakeFiles/CMakeTmp/CheckSymbolExists.c:14:19: error: use of undeclared identifier '_ui64toa'
  return ((int*)(&_ui64toa))[argc];
                  ^
1 error generated.
ninja: build stopped: subcommand failed.


File /home/david_marinho/AndroidStudioProjects/android-project/app/.cxx/Debug/3s1ks5x4/x86/CMakeFiles/CMakeTmp/CheckSymbolExists.c:
/* */
#include <stddef.h>
#include <stdarg.h>
#include <stdlib.h>
#include <string.h>
#include <stdio.h>
#include <wchar.h>
#include <float.h>

int main(int argc, char** argv)
{
  (void)argv;
#ifndef _ui64toa
  return ((int*)(&_ui64toa))[argc];
#else
  (void)argc;
  return 0;
#endif
}
Determining if the _stricmp exist failed with the following output:
Change Dir: /home/david_marinho/AndroidStudioProjects/android-project/app/.cxx/Debug/3s1ks5x4/x86/CMakeFiles/CMakeTmp

Run Build Command(s):/home/david_marinho/Android/Sdk/cmake/3.22.1/bin/ninja cmTC_4abb2 && [1/2] Building C object CMakeFiles/cmTC_4abb2.dir/CheckSymbolExists.c.o
FAILED: CMakeFiles/cmTC_4abb2.dir/CheckSymbolExists.c.o 
/home/david_marinho/Android/Sdk/ndk/25.1.8937393/toolchains/llvm/prebuilt/linux-x86_64/bin/clang --target=i686-none-linux-android19 --sysroot=/home/david_marinho/Android/Sdk/ndk/25.1.8937393/toolchains/llvm/prebuilt/linux-x86_64/sysroot   -g -DANDROID -fdata-sections -ffunction-sections -funwind-tables -fstack-protector-strong -no-canonical-prefixes -mstackrealign -D_FORTIFY_SOURCE=2 -Wformat -Werror=format-security  -idirafter "/home/david_marinho/AndroidStudioProjects/android-project/app/jni/SDL/src/video/khronos"  -D_GNU_SOURCE=1 -fPIE -MD -MT CMakeFiles/cmTC_4abb2.dir/CheckSymbolExists.c.o -MF CMakeFiles/cmTC_4abb2.dir/CheckSymbolExists.c.o.d -o CMakeFiles/cmTC_4abb2.dir/CheckSymbolExists.c.o -c /home/david_marinho/AndroidStudioProjects/android-project/app/.cxx/Debug/3s1ks5x4/x86/CMakeFiles/CMakeTmp/CheckSymbolExists.c
/home/david_marinho/AndroidStudioProjects/android-project/app/.cxx/Debug/3s1ks5x4/x86/CMakeFiles/CMakeTmp/CheckSymbolExists.c:14:19: error: use of undeclared identifier '_stricmp'
  return ((int*)(&_stricmp))[argc];
                  ^
1 error generated.
ninja: build stopped: subcommand failed.


File /home/david_marinho/AndroidStudioProjects/android-project/app/.cxx/Debug/3s1ks5x4/x86/CMakeFiles/CMakeTmp/CheckSymbolExists.c:
/* */
#include <stddef.h>
#include <stdarg.h>
#include <stdlib.h>
#include <string.h>
#include <stdio.h>
#include <wchar.h>
#include <float.h>

int main(int argc, char** argv)
{
  (void)argv;
#ifndef _stricmp
  return ((int*)(&_stricmp))[argc];
#else
  (void)argc;
  return 0;
#endif
}
Determining if the _strnicmp exist failed with the following output:
Change Dir: /home/david_marinho/AndroidStudioProjects/android-project/app/.cxx/Debug/3s1ks5x4/x86/CMakeFiles/CMakeTmp

Run Build Command(s):/home/david_marinho/Android/Sdk/cmake/3.22.1/bin/ninja cmTC_d5a00 && [1/2] Building C object CMakeFiles/cmTC_d5a00.dir/CheckSymbolExists.c.o
FAILED: CMakeFiles/cmTC_d5a00.dir/CheckSymbolExists.c.o 
/home/david_marinho/Android/Sdk/ndk/25.1.8937393/toolchains/llvm/prebuilt/linux-x86_64/bin/clang --target=i686-none-linux-android19 --sysroot=/home/david_marinho/Android/Sdk/ndk/25.1.8937393/toolchains/llvm/prebuilt/linux-x86_64/sysroot   -g -DANDROID -fdata-sections -ffunction-sections -funwind-tables -fstack-protector-strong -no-canonical-prefixes -mstackrealign -D_FORTIFY_SOURCE=2 -Wformat -Werror=format-security  -idirafter "/home/david_marinho/AndroidStudioProjects/android-project/app/jni/SDL/src/video/khronos"  -D_GNU_SOURCE=1 -fPIE -MD -MT CMakeFiles/cmTC_d5a00.dir/CheckSymbolExists.c.o -MF CMakeFiles/cmTC_d5a00.dir/CheckSymbolExists.c.o.d -o CMakeFiles/cmTC_d5a00.dir/CheckSymbolExists.c.o -c /home/david_marinho/AndroidStudioProjects/android-project/app/.cxx/Debug/3s1ks5x4/x86/CMakeFiles/CMakeTmp/CheckSymbolExists.c
/home/david_marinho/AndroidStudioProjects/android-project/app/.cxx/Debug/3s1ks5x4/x86/CMakeFiles/CMakeTmp/CheckSymbolExists.c:14:19: error: use of undeclared identifier '_strnicmp'; did you mean 'strncmp'?
  return ((int*)(&_strnicmp))[argc];
                  ^~~~~~~~~
                  strncmp
/home/david_marinho/Android/Sdk/ndk/25.1.8937393/toolchains/llvm/prebuilt/linux-x86_64/sysroot/usr/include/string.h:137:5: note: 'strncmp' declared here
int strncmp(const char* __lhs, const char* __rhs, size_t __n) __attribute_pure__;
    ^
1 error generated.
ninja: build stopped: subcommand failed.


File /home/david_marinho/AndroidStudioProjects/android-project/app/.cxx/Debug/3s1ks5x4/x86/CMakeFiles/CMakeTmp/CheckSymbolExists.c:
/* */
#include <stddef.h>
#include <stdarg.h>
#include <stdlib.h>
#include <string.h>
#include <stdio.h>
#include <wchar.h>
#include <float.h>

int main(int argc, char** argv)
{
  (void)argv;
#ifndef _strnicmp
  return ((int*)(&_strnicmp))[argc];
#else
  (void)argc;
  return 0;
#endif
}
Determining if the _wcsdup exist failed with the following output:
Change Dir: /home/david_marinho/AndroidStudioProjects/android-project/app/.cxx/Debug/3s1ks5x4/x86/CMakeFiles/CMakeTmp

Run Build Command(s):/home/david_marinho/Android/Sdk/cmake/3.22.1/bin/ninja cmTC_41cc8 && [1/2] Building C object CMakeFiles/cmTC_41cc8.dir/CheckSymbolExists.c.o
FAILED: CMakeFiles/cmTC_41cc8.dir/CheckSymbolExists.c.o 
/home/david_marinho/Android/Sdk/ndk/25.1.8937393/toolchains/llvm/prebuilt/linux-x86_64/bin/clang --target=i686-none-linux-android19 --sysroot=/home/david_marinho/Android/Sdk/ndk/25.1.8937393/toolchains/llvm/prebuilt/linux-x86_64/sysroot   -g -DANDROID -fdata-sections -ffunction-sections -funwind-tables -fstack-protector-strong -no-canonical-prefixes -mstackrealign -D_FORTIFY_SOURCE=2 -Wformat -Werror=format-security  -idirafter "/home/david_marinho/AndroidStudioProjects/android-project/app/jni/SDL/src/video/khronos"  -D_GNU_SOURCE=1 -fPIE -MD -MT CMakeFiles/cmTC_41cc8.dir/CheckSymbolExists.c.o -MF CMakeFiles/cmTC_41cc8.dir/CheckSymbolExists.c.o.d -o CMakeFiles/cmTC_41cc8.dir/CheckSymbolExists.c.o -c /home/david_marinho/AndroidStudioProjects/android-project/app/.cxx/Debug/3s1ks5x4/x86/CMakeFiles/CMakeTmp/CheckSymbolExists.c
/home/david_marinho/AndroidStudioProjects/android-project/app/.cxx/Debug/3s1ks5x4/x86/CMakeFiles/CMakeTmp/CheckSymbolExists.c:14:19: error: use of undeclared identifier '_wcsdup'; did you mean 'wcsdup'?
  return ((int*)(&_wcsdup))[argc];
                  ^~~~~~~
                  wcsdup
/home/david_marinho/Android/Sdk/ndk/25.1.8937393/toolchains/llvm/prebuilt/linux-x86_64/sysroot/usr/include/wchar.h:208:10: note: 'wcsdup' declared here
wchar_t* wcsdup(const wchar_t* __s);
         ^
1 error generated.
ninja: build stopped: subcommand failed.


File /home/david_marinho/AndroidStudioProjects/android-project/app/.cxx/Debug/3s1ks5x4/x86/CMakeFiles/CMakeTmp/CheckSymbolExists.c:
/* */
#include <stddef.h>
#include <stdarg.h>
#include <stdlib.h>
#include <string.h>
#include <stdio.h>
#include <wchar.h>
#include <float.h>

int main(int argc, char** argv)
{
  (void)argv;
#ifndef _wcsdup
  return ((int*)(&_wcsdup))[argc];
#else
  (void)argc;
  return 0;
#endif
}
Determining if the _wcsicmp exist failed with the following output:
Change Dir: /home/david_marinho/AndroidStudioProjects/android-project/app/.cxx/Debug/3s1ks5x4/x86/CMakeFiles/CMakeTmp

Run Build Command(s):/home/david_marinho/Android/Sdk/cmake/3.22.1/bin/ninja cmTC_2c92d && [1/2] Building C object CMakeFiles/cmTC_2c92d.dir/CheckSymbolExists.c.o
FAILED: CMakeFiles/cmTC_2c92d.dir/CheckSymbolExists.c.o 
/home/david_marinho/Android/Sdk/ndk/25.1.8937393/toolchains/llvm/prebuilt/linux-x86_64/bin/clang --target=i686-none-linux-android19 --sysroot=/home/david_marinho/Android/Sdk/ndk/25.1.8937393/toolchains/llvm/prebuilt/linux-x86_64/sysroot   -g -DANDROID -fdata-sections -ffunction-sections -funwind-tables -fstack-protector-strong -no-canonical-prefixes -mstackrealign -D_FORTIFY_SOURCE=2 -Wformat -Werror=format-security  -idirafter "/home/david_marinho/AndroidStudioProjects/android-project/app/jni/SDL/src/video/khronos"  -D_GNU_SOURCE=1 -fPIE -MD -MT CMakeFiles/cmTC_2c92d.dir/CheckSymbolExists.c.o -MF CMakeFiles/cmTC_2c92d.dir/CheckSymbolExists.c.o.d -o CMakeFiles/cmTC_2c92d.dir/CheckSymbolExists.c.o -c /home/david_marinho/AndroidStudioProjects/android-project/app/.cxx/Debug/3s1ks5x4/x86/CMakeFiles/CMakeTmp/CheckSymbolExists.c
/home/david_marinho/AndroidStudioProjects/android-project/app/.cxx/Debug/3s1ks5x4/x86/CMakeFiles/CMakeTmp/CheckSymbolExists.c:14:19: error: use of undeclared identifier '_wcsicmp'
  return ((int*)(&_wcsicmp))[argc];
                  ^
1 error generated.
ninja: build stopped: subcommand failed.


File /home/david_marinho/AndroidStudioProjects/android-project/app/.cxx/Debug/3s1ks5x4/x86/CMakeFiles/CMakeTmp/CheckSymbolExists.c:
/* */
#include <stddef.h>
#include <stdarg.h>
#include <stdlib.h>
#include <string.h>
#include <stdio.h>
#include <wchar.h>
#include <float.h>

int main(int argc, char** argv)
{
  (void)argv;
#ifndef _wcsicmp
  return ((int*)(&_wcsicmp))[argc];
#else
  (void)argc;
  return 0;
#endif
}
Determining if the _wcsnicmp exist failed with the following output:
Change Dir: /home/david_marinho/AndroidStudioProjects/android-project/app/.cxx/Debug/3s1ks5x4/x86/CMakeFiles/CMakeTmp

Run Build Command(s):/home/david_marinho/Android/Sdk/cmake/3.22.1/bin/ninja cmTC_92822 && [1/2] Building C object CMakeFiles/cmTC_92822.dir/CheckSymbolExists.c.o
FAILED: CMakeFiles/cmTC_92822.dir/CheckSymbolExists.c.o 
/home/david_marinho/Android/Sdk/ndk/25.1.8937393/toolchains/llvm/prebuilt/linux-x86_64/bin/clang --target=i686-none-linux-android19 --sysroot=/home/david_marinho/Android/Sdk/ndk/25.1.8937393/toolchains/llvm/prebuilt/linux-x86_64/sysroot   -g -DANDROID -fdata-sections -ffunction-sections -funwind-tables -fstack-protector-strong -no-canonical-prefixes -mstackrealign -D_FORTIFY_SOURCE=2 -Wformat -Werror=format-security  -idirafter "/home/david_marinho/AndroidStudioProjects/android-project/app/jni/SDL/src/video/khronos"  -D_GNU_SOURCE=1 -fPIE -MD -MT CMakeFiles/cmTC_92822.dir/CheckSymbolExists.c.o -MF CMakeFiles/cmTC_92822.dir/CheckSymbolExists.c.o.d -o CMakeFiles/cmTC_92822.dir/CheckSymbolExists.c.o -c /home/david_marinho/AndroidStudioProjects/android-project/app/.cxx/Debug/3s1ks5x4/x86/CMakeFiles/CMakeTmp/CheckSymbolExists.c
/home/david_marinho/AndroidStudioProjects/android-project/app/.cxx/Debug/3s1ks5x4/x86/CMakeFiles/CMakeTmp/CheckSymbolExists.c:14:19: error: use of undeclared identifier '_wcsnicmp'; did you mean 'wcsncmp'?
  return ((int*)(&_wcsnicmp))[argc];
                  ^~~~~~~~~
                  wcsncmp
/home/david_marinho/Android/Sdk/ndk/25.1.8937393/toolchains/llvm/prebuilt/linux-x86_64/sysroot/usr/include/wchar.h:117:5: note: 'wcsncmp' declared here
int wcsncmp(const wchar_t* __lhs, const wchar_t* __rhs, size_t __n);
    ^
1 error generated.
ninja: build stopped: subcommand failed.


File /home/david_marinho/AndroidStudioProjects/android-project/app/.cxx/Debug/3s1ks5x4/x86/CMakeFiles/CMakeTmp/CheckSymbolExists.c:
/* */
#include <stddef.h>
#include <stdarg.h>
#include <stdlib.h>
#include <string.h>
#include <stdio.h>
#include <wchar.h>
#include <float.h>

int main(int argc, char** argv)
{
  (void)argv;
#ifndef _wcsnicmp
  return ((int*)(&_wcsnicmp))[argc];
#else
  (void)argc;
  return 0;
#endif
}
Determining if the fopen64 exist failed with the following output:
Change Dir: /home/david_marinho/AndroidStudioProjects/android-project/app/.cxx/Debug/3s1ks5x4/x86/CMakeFiles/CMakeTmp

Run Build Command(s):/home/david_marinho/Android/Sdk/cmake/3.22.1/bin/ninja cmTC_ce2bf && [1/2] Building C object CMakeFiles/cmTC_ce2bf.dir/CheckSymbolExists.c.o
FAILED: CMakeFiles/cmTC_ce2bf.dir/CheckSymbolExists.c.o 
/home/david_marinho/Android/Sdk/ndk/25.1.8937393/toolchains/llvm/prebuilt/linux-x86_64/bin/clang --target=i686-none-linux-android19 --sysroot=/home/david_marinho/Android/Sdk/ndk/25.1.8937393/toolchains/llvm/prebuilt/linux-x86_64/sysroot   -g -DANDROID -fdata-sections -ffunction-sections -funwind-tables -fstack-protector-strong -no-canonical-prefixes -mstackrealign -D_FORTIFY_SOURCE=2 -Wformat -Werror=format-security  -idirafter "/home/david_marinho/AndroidStudioProjects/android-project/app/jni/SDL/src/video/khronos"  -D_GNU_SOURCE=1 -fPIE -MD -MT CMakeFiles/cmTC_ce2bf.dir/CheckSymbolExists.c.o -MF CMakeFiles/cmTC_ce2bf.dir/CheckSymbolExists.c.o.d -o CMakeFiles/cmTC_ce2bf.dir/CheckSymbolExists.c.o -c /home/david_marinho/AndroidStudioProjects/android-project/app/.cxx/Debug/3s1ks5x4/x86/CMakeFiles/CMakeTmp/CheckSymbolExists.c
/home/david_marinho/AndroidStudioProjects/android-project/app/.cxx/Debug/3s1ks5x4/x86/CMakeFiles/CMakeTmp/CheckSymbolExists.c:14:19: error: use of undeclared identifier 'fopen64'; did you mean 'fopen'?
  return ((int*)(&fopen64))[argc];
                  ^~~~~~~
                  fopen
/home/david_marinho/Android/Sdk/ndk/25.1.8937393/toolchains/llvm/prebuilt/linux-x86_64/sysroot/usr/include/stdio.h:280:7: note: 'fopen' declared here
FILE* fopen(const char* __path, const char* __mode);
      ^
1 error generated.
ninja: build stopped: subcommand failed.


File /home/david_marinho/AndroidStudioProjects/android-project/app/.cxx/Debug/3s1ks5x4/x86/CMakeFiles/CMakeTmp/CheckSymbolExists.c:
/* */
#include <stddef.h>
#include <stdarg.h>
#include <stdlib.h>
#include <string.h>
#include <stdio.h>
#include <wchar.h>
#include <float.h>

int main(int argc, char** argv)
{
  (void)argv;
#ifndef fopen64
  return ((int*)(&fopen64))[argc];
#else
  (void)argc;
  return 0;
#endif
}
Determining if the fseeko64 exist failed with the following output:
Change Dir: /home/david_marinho/AndroidStudioProjects/android-project/app/.cxx/Debug/3s1ks5x4/x86/CMakeFiles/CMakeTmp

Run Build Command(s):/home/david_marinho/Android/Sdk/cmake/3.22.1/bin/ninja cmTC_2e5d9 && [1/2] Building C object CMakeFiles/cmTC_2e5d9.dir/CheckSymbolExists.c.o
FAILED: CMakeFiles/cmTC_2e5d9.dir/CheckSymbolExists.c.o 
/home/david_marinho/Android/Sdk/ndk/25.1.8937393/toolchains/llvm/prebuilt/linux-x86_64/bin/clang --target=i686-none-linux-android19 --sysroot=/home/david_marinho/Android/Sdk/ndk/25.1.8937393/toolchains/llvm/prebuilt/linux-x86_64/sysroot   -g -DANDROID -fdata-sections -ffunction-sections -funwind-tables -fstack-protector-strong -no-canonical-prefixes -mstackrealign -D_FORTIFY_SOURCE=2 -Wformat -Werror=format-security  -idirafter "/home/david_marinho/AndroidStudioProjects/android-project/app/jni/SDL/src/video/khronos"  -D_GNU_SOURCE=1 -fPIE -MD -MT CMakeFiles/cmTC_2e5d9.dir/CheckSymbolExists.c.o -MF CMakeFiles/cmTC_2e5d9.dir/CheckSymbolExists.c.o.d -o CMakeFiles/cmTC_2e5d9.dir/CheckSymbolExists.c.o -c /home/david_marinho/AndroidStudioProjects/android-project/app/.cxx/Debug/3s1ks5x4/x86/CMakeFiles/CMakeTmp/CheckSymbolExists.c
/home/david_marinho/AndroidStudioProjects/android-project/app/.cxx/Debug/3s1ks5x4/x86/CMakeFiles/CMakeTmp/CheckSymbolExists.c:14:19: error: use of undeclared identifier 'fseeko64'; did you mean 'fseeko'?
  return ((int*)(&fseeko64))[argc];
                  ^~~~~~~~
                  fseeko
/home/david_marinho/Android/Sdk/ndk/25.1.8937393/toolchains/llvm/prebuilt/linux-x86_64/sysroot/usr/include/stdio.h:250:5: note: 'fseeko' declared here
int fseeko(FILE* __fp, off_t __offset, int __whence);
    ^
1 error generated.
ninja: build stopped: subcommand failed.


File /home/david_marinho/AndroidStudioProjects/android-project/app/.cxx/Debug/3s1ks5x4/x86/CMakeFiles/CMakeTmp/CheckSymbolExists.c:
/* */
#include <stddef.h>
#include <stdarg.h>
#include <stdlib.h>
#include <string.h>
#include <stdio.h>
#include <wchar.h>
#include <float.h>

int main(int argc, char** argv)
{
  (void)argv;
#ifndef fseeko64
  return ((int*)(&fseeko64))[argc];
#else
  (void)argc;
  return 0;
#endif
}
Determining if the sysctlbyname exist failed with the following output:
Change Dir: /home/david_marinho/AndroidStudioProjects/android-project/app/.cxx/Debug/3s1ks5x4/x86/CMakeFiles/CMakeTmp

Run Build Command(s):/home/david_marinho/Android/Sdk/cmake/3.22.1/bin/ninja cmTC_9afd7 && [1/2] Building C object CMakeFiles/cmTC_9afd7.dir/CheckSymbolExists.c.o
FAILED: CMakeFiles/cmTC_9afd7.dir/CheckSymbolExists.c.o 
/home/david_marinho/Android/Sdk/ndk/25.1.8937393/toolchains/llvm/prebuilt/linux-x86_64/bin/clang --target=i686-none-linux-android19 --sysroot=/home/david_marinho/Android/Sdk/ndk/25.1.8937393/toolchains/llvm/prebuilt/linux-x86_64/sysroot   -g -DANDROID -fdata-sections -ffunction-sections -funwind-tables -fstack-protector-strong -no-canonical-prefixes -mstackrealign -D_FORTIFY_SOURCE=2 -Wformat -Werror=format-security  -idirafter "/home/david_marinho/AndroidStudioProjects/android-project/app/jni/SDL/src/video/khronos"  -D_GNU_SOURCE=1 -fPIE -MD -MT CMakeFiles/cmTC_9afd7.dir/CheckSymbolExists.c.o -MF CMakeFiles/cmTC_9afd7.dir/CheckSymbolExists.c.o.d -o CMakeFiles/cmTC_9afd7.dir/CheckSymbolExists.c.o -c /home/david_marinho/AndroidStudioProjects/android-project/app/.cxx/Debug/3s1ks5x4/x86/CMakeFiles/CMakeTmp/CheckSymbolExists.c
/home/david_marinho/AndroidStudioProjects/android-project/app/.cxx/Debug/3s1ks5x4/x86/CMakeFiles/CMakeTmp/CheckSymbolExists.c:3:10: fatal error: 'sys/sysctl.h' file not found
#include <sys/sysctl.h>
         ^~~~~~~~~~~~~~
1 error generated.
ninja: build stopped: subcommand failed.


File /home/david_marinho/AndroidStudioProjects/android-project/app/.cxx/Debug/3s1ks5x4/x86/CMakeFiles/CMakeTmp/CheckSymbolExists.c:
/* */
#include <sys/types.h>
#include <sys/sysctl.h>

int main(int argc, char** argv)
{
  (void)argv;
#ifndef sysctlbyname
  return ((int*)(&sysctlbyname))[argc];
#else
  (void)argc;
  return 0;
#endif
}
Determining if the elf_aux_info exist failed with the following output:
Change Dir: /home/david_marinho/AndroidStudioProjects/android-project/app/.cxx/Debug/3s1ks5x4/x86/CMakeFiles/CMakeTmp

Run Build Command(s):/home/david_marinho/Android/Sdk/cmake/3.22.1/bin/ninja cmTC_6c6de && [1/2] Building C object CMakeFiles/cmTC_6c6de.dir/CheckSymbolExists.c.o
FAILED: CMakeFiles/cmTC_6c6de.dir/CheckSymbolExists.c.o 
/home/david_marinho/Android/Sdk/ndk/25.1.8937393/toolchains/llvm/prebuilt/linux-x86_64/bin/clang --target=i686-none-linux-android19 --sysroot=/home/david_marinho/Android/Sdk/ndk/25.1.8937393/toolchains/llvm/prebuilt/linux-x86_64/sysroot   -g -DANDROID -fdata-sections -ffunction-sections -funwind-tables -fstack-protector-strong -no-canonical-prefixes -mstackrealign -D_FORTIFY_SOURCE=2 -Wformat -Werror=format-security  -idirafter "/home/david_marinho/AndroidStudioProjects/android-project/app/jni/SDL/src/video/khronos"  -D_GNU_SOURCE=1 -fPIE -MD -MT CMakeFiles/cmTC_6c6de.dir/CheckSymbolExists.c.o -MF CMakeFiles/cmTC_6c6de.dir/CheckSymbolExists.c.o.d -o CMakeFiles/cmTC_6c6de.dir/CheckSymbolExists.c.o -c /home/david_marinho/AndroidStudioProjects/android-project/app/.cxx/Debug/3s1ks5x4/x86/CMakeFiles/CMakeTmp/CheckSymbolExists.c
/home/david_marinho/AndroidStudioProjects/android-project/app/.cxx/Debug/3s1ks5x4/x86/CMakeFiles/CMakeTmp/CheckSymbolExists.c:8:19: error: use of undeclared identifier 'elf_aux_info'
  return ((int*)(&elf_aux_info))[argc];
                  ^
1 error generated.
ninja: build stopped: subcommand failed.


File /home/david_marinho/AndroidStudioProjects/android-project/app/.cxx/Debug/3s1ks5x4/x86/CMakeFiles/CMakeTmp/CheckSymbolExists.c:
/* */
#include <sys/auxv.h>

int main(int argc, char** argv)
{
  (void)argv;
#ifndef elf_aux_info
  return ((int*)(&elf_aux_info))[argc];
#else
  (void)argc;
  return 0;
#endif
}
Determining if the memfd_create exist failed with the following output:
Change Dir: /home/david_marinho/AndroidStudioProjects/android-project/app/.cxx/Debug/3s1ks5x4/x86/CMakeFiles/CMakeTmp

Run Build Command(s):/home/david_marinho/Android/Sdk/cmake/3.22.1/bin/ninja cmTC_9a1c1 && [1/2] Building C object CMakeFiles/cmTC_9a1c1.dir/CheckSymbolExists.c.o
FAILED: CMakeFiles/cmTC_9a1c1.dir/CheckSymbolExists.c.o 
/home/david_marinho/Android/Sdk/ndk/25.1.8937393/toolchains/llvm/prebuilt/linux-x86_64/bin/clang --target=i686-none-linux-android19 --sysroot=/home/david_marinho/Android/Sdk/ndk/25.1.8937393/toolchains/llvm/prebuilt/linux-x86_64/sysroot   -g -DANDROID -fdata-sections -ffunction-sections -funwind-tables -fstack-protector-strong -no-canonical-prefixes -mstackrealign -D_FORTIFY_SOURCE=2 -Wformat -Werror=format-security  -idirafter "/home/david_marinho/AndroidStudioProjects/android-project/app/jni/SDL/src/video/khronos"  -D_GNU_SOURCE=1 -fPIE -MD -MT CMakeFiles/cmTC_9a1c1.dir/CheckSymbolExists.c.o -MF CMakeFiles/cmTC_9a1c1.dir/CheckSymbolExists.c.o.d -o CMakeFiles/cmTC_9a1c1.dir/CheckSymbolExists.c.o -c /home/david_marinho/AndroidStudioProjects/android-project/app/.cxx/Debug/3s1ks5x4/x86/CMakeFiles/CMakeTmp/CheckSymbolExists.c
/home/david_marinho/AndroidStudioProjects/android-project/app/.cxx/Debug/3s1ks5x4/x86/CMakeFiles/CMakeTmp/CheckSymbolExists.c:8:19: error: use of undeclared identifier 'memfd_create'
  return ((int*)(&memfd_create))[argc];
                  ^
1 error generated.
ninja: build stopped: subcommand failed.


File /home/david_marinho/AndroidStudioProjects/android-project/app/.cxx/Debug/3s1ks5x4/x86/CMakeFiles/CMakeTmp/CheckSymbolExists.c:
/* */
#include <sys/mman.h>

int main(int argc, char** argv)
{
  (void)argv;
#ifndef memfd_create
  return ((int*)(&memfd_create))[argc];
#else
  (void)argc;
  return 0;
#endif
}
Determining if the posix_fallocate exist failed with the following output:
Change Dir: /home/david_marinho/AndroidStudioProjects/android-project/app/.cxx/Debug/3s1ks5x4/x86/CMakeFiles/CMakeTmp

Run Build Command(s):/home/david_marinho/Android/Sdk/cmake/3.22.1/bin/ninja cmTC_1c2c5 && [1/2] Building C object CMakeFiles/cmTC_1c2c5.dir/CheckSymbolExists.c.o
FAILED: CMakeFiles/cmTC_1c2c5.dir/CheckSymbolExists.c.o 
/home/david_marinho/Android/Sdk/ndk/25.1.8937393/toolchains/llvm/prebuilt/linux-x86_64/bin/clang --target=i686-none-linux-android19 --sysroot=/home/david_marinho/Android/Sdk/ndk/25.1.8937393/toolchains/llvm/prebuilt/linux-x86_64/sysroot   -g -DANDROID -fdata-sections -ffunction-sections -funwind-tables -fstack-protector-strong -no-canonical-prefixes -mstackrealign -D_FORTIFY_SOURCE=2 -Wformat -Werror=format-security  -idirafter "/home/david_marinho/AndroidStudioProjects/android-project/app/jni/SDL/src/video/khronos"  -D_GNU_SOURCE=1 -fPIE -MD -MT CMakeFiles/cmTC_1c2c5.dir/CheckSymbolExists.c.o -MF CMakeFiles/cmTC_1c2c5.dir/CheckSymbolExists.c.o.d -o CMakeFiles/cmTC_1c2c5.dir/CheckSymbolExists.c.o -c /home/david_marinho/AndroidStudioProjects/android-project/app/.cxx/Debug/3s1ks5x4/x86/CMakeFiles/CMakeTmp/CheckSymbolExists.c
/home/david_marinho/AndroidStudioProjects/android-project/app/.cxx/Debug/3s1ks5x4/x86/CMakeFiles/CMakeTmp/CheckSymbolExists.c:8:19: error: use of undeclared identifier 'posix_fallocate'
  return ((int*)(&posix_fallocate))[argc];
                  ^
1 error generated.
ninja: build stopped: subcommand failed.


File /home/david_marinho/AndroidStudioProjects/android-project/app/.cxx/Debug/3s1ks5x4/x86/CMakeFiles/CMakeTmp/CheckSymbolExists.c:
/* */
#include <fcntl.h>

int main(int argc, char** argv)
{
  (void)argv;
#ifndef posix_fallocate
  return ((int*)(&posix_fallocate))[argc];
#else
  (void)argc;
  return 0;
#endif
}
Performing C SOURCE FILE Test ICONV_IN_LIBC failed with the following output:
Change Dir: /home/david_marinho/AndroidStudioProjects/android-project/app/.cxx/Debug/3s1ks5x4/x86/CMakeFiles/CMakeTmp

Run Build Command(s):/home/david_marinho/Android/Sdk/cmake/3.22.1/bin/ninja cmTC_ea323 && [1/2] Building C object CMakeFiles/cmTC_ea323.dir/src.c.o
/home/david_marinho/AndroidStudioProjects/android-project/app/.cxx/Debug/3s1ks5x4/x86/CMakeFiles/CMakeTmp/src.c:6:21: warning: implicit declaration of function 'iconv_open' is invalid in C99 [-Wimplicit-function-declaration]
            return !iconv_open(NULL,NULL);
                    ^
1 warning generated.
[2/2] Linking C executable cmTC_ea323
FAILED: cmTC_ea323 
: && /home/david_marinho/Android/Sdk/ndk/25.1.8937393/toolchains/llvm/prebuilt/linux-x86_64/bin/clang --target=i686-none-linux-android19 --sysroot=/home/david_marinho/Android/Sdk/ndk/25.1.8937393/toolchains/llvm/prebuilt/linux-x86_64/sysroot -g -DANDROID -fdata-sections -ffunction-sections -funwind-tables -fstack-protector-strong -no-canonical-prefixes -mstackrealign -D_FORTIFY_SOURCE=2 -Wformat -Werror=format-security  -idirafter "/home/david_marinho/AndroidStudioProjects/android-project/app/jni/SDL/src/video/khronos"  -D_GNU_SOURCE=1 -static-libstdc++ -Wl,--build-id=sha1 -Wl,--no-rosegment -Wl,--fatal-warnings -Wl,--gc-sections -Wl,--no-undefined -Qunused-arguments -Wl,--gc-sections CMakeFiles/cmTC_ea323.dir/src.c.o -o cmTC_ea323  -latomic -lm && :
ld: error: undefined symbol: iconv_open
>>> referenced by src.c:6
>>>               CMakeFiles/cmTC_ea323.dir/src.c.o:(main)
clang: error: linker command failed with exit code 1 (use -v to see invocation)
ninja: build stopped: subcommand failed.


Source file was:

        #define LIBICONV_PLUG 1 /* in case libiconv header is in include path */
        #include <stddef.h>
        #include <iconv.h>
        int main(int argc, char **argv) {
            return !iconv_open(NULL,NULL);
        }
Performing C SOURCE FILE Test ICONV_IN_LIBICONV failed with the following output:
Change Dir: /home/david_marinho/AndroidStudioProjects/android-project/app/.cxx/Debug/3s1ks5x4/x86/CMakeFiles/CMakeTmp

Run Build Command(s):/home/david_marinho/Android/Sdk/cmake/3.22.1/bin/ninja cmTC_95674 && [1/2] Building C object CMakeFiles/cmTC_95674.dir/src.c.o
/home/david_marinho/AndroidStudioProjects/android-project/app/.cxx/Debug/3s1ks5x4/x86/CMakeFiles/CMakeTmp/src.c:5:21: warning: implicit declaration of function 'iconv_open' is invalid in C99 [-Wimplicit-function-declaration]
            return !iconv_open(NULL,NULL);
                    ^
1 warning generated.
[2/2] Linking C executable cmTC_95674
FAILED: cmTC_95674 
: && /home/david_marinho/Android/Sdk/ndk/25.1.8937393/toolchains/llvm/prebuilt/linux-x86_64/bin/clang --target=i686-none-linux-android19 --sysroot=/home/david_marinho/Android/Sdk/ndk/25.1.8937393/toolchains/llvm/prebuilt/linux-x86_64/sysroot -g -DANDROID -fdata-sections -ffunction-sections -funwind-tables -fstack-protector-strong -no-canonical-prefixes -mstackrealign -D_FORTIFY_SOURCE=2 -Wformat -Werror=format-security  -idirafter "/home/david_marinho/AndroidStudioProjects/android-project/app/jni/SDL/src/video/khronos"  -D_GNU_SOURCE=1 -static-libstdc++ -Wl,--build-id=sha1 -Wl,--no-rosegment -Wl,--fatal-warnings -Wl,--gc-sections -Wl,--no-undefined -Qunused-arguments -Wl,--gc-sections CMakeFiles/cmTC_95674.dir/src.c.o -o cmTC_95674  -liconv  -latomic -lm && :
ld: error: unable to find library -liconv
clang: error: linker command failed with exit code 1 (use -v to see invocation)
ninja: build stopped: subcommand failed.


Source file was:

        #include <stddef.h>
        #include <iconv.h>
        int main(int argc, char **argv) {
            return !iconv_open(NULL,NULL);
        }
Determining if the alloca exist failed with the following output:
Change Dir: /home/david_marinho/AndroidStudioProjects/android-project/app/.cxx/Debug/3s1ks5x4/x86/CMakeFiles/CMakeTmp

Run Build Command(s):/home/david_marinho/Android/Sdk/cmake/3.22.1/bin/ninja cmTC_e9da0 && [1/2] Building C object CMakeFiles/cmTC_e9da0.dir/CheckSymbolExists.c.o
/home/david_marinho/AndroidStudioProjects/android-project/app/.cxx/Debug/3s1ks5x4/x86/CMakeFiles/CMakeTmp/CheckSymbolExists.c:8:19: warning: implicitly declaring library function 'alloca' with type 'void *(unsigned int)' [-Wimplicit-function-declaration]
  return ((int*)(&alloca))[argc];
                  ^
/home/david_marinho/AndroidStudioProjects/android-project/app/.cxx/Debug/3s1ks5x4/x86/CMakeFiles/CMakeTmp/CheckSymbolExists.c:8:19: note: include the header <stdlib.h> or explicitly provide a declaration for 'alloca'
1 warning generated.
[2/2] Linking C executable cmTC_e9da0
FAILED: cmTC_e9da0 
: && /home/david_marinho/Android/Sdk/ndk/25.1.8937393/toolchains/llvm/prebuilt/linux-x86_64/bin/clang --target=i686-none-linux-android19 --sysroot=/home/david_marinho/Android/Sdk/ndk/25.1.8937393/toolchains/llvm/prebuilt/linux-x86_64/sysroot -g -DANDROID -fdata-sections -ffunction-sections -funwind-tables -fstack-protector-strong -no-canonical-prefixes -mstackrealign -D_FORTIFY_SOURCE=2 -Wformat -Werror=format-security  -idirafter "/home/david_marinho/AndroidStudioProjects/android-project/app/jni/SDL/src/video/khronos"  -D_GNU_SOURCE=1 -static-libstdc++ -Wl,--build-id=sha1 -Wl,--no-rosegment -Wl,--fatal-warnings -Wl,--gc-sections -Wl,--no-undefined -Qunused-arguments -Wl,--gc-sections CMakeFiles/cmTC_e9da0.dir/CheckSymbolExists.c.o -o cmTC_e9da0  -latomic -lm && :
ld: error: undefined symbol: alloca
>>> referenced by CheckSymbolExists.c:8
>>>               CMakeFiles/cmTC_e9da0.dir/CheckSymbolExists.c.o:(main)
>>> referenced by CheckSymbolExists.c:8
>>>               CMakeFiles/cmTC_e9da0.dir/CheckSymbolExists.c.o:(main)
clang: error: linker command failed with exit code 1 (use -v to see invocation)
ninja: build stopped: subcommand failed.


File /home/david_marinho/AndroidStudioProjects/android-project/app/.cxx/Debug/3s1ks5x4/x86/CMakeFiles/CMakeTmp/CheckSymbolExists.c:
/* */
#include <malloc.h>

int main(int argc, char** argv)
{
  (void)argv;
#ifndef alloca
  return ((int*)(&alloca))[argc];
#else
  (void)argc;
  return 0;
#endif
}
Performing C SOURCE FILE Test HAVE_ARM_MODE failed with the following output:
Change Dir: /home/david_marinho/AndroidStudioProjects/android-project/app/.cxx/Debug/3s1ks5x4/x86/CMakeFiles/CMakeTmp

Run Build Command(s):/home/david_marinho/Android/Sdk/cmake/3.22.1/bin/ninja cmTC_ee91d && [1/2] Building C object CMakeFiles/cmTC_ee91d.dir/src.c.o
FAILED: CMakeFiles/cmTC_ee91d.dir/src.c.o 
/home/david_marinho/Android/Sdk/ndk/25.1.8937393/toolchains/llvm/prebuilt/linux-x86_64/bin/clang --target=i686-none-linux-android19 --sysroot=/home/david_marinho/Android/Sdk/ndk/25.1.8937393/toolchains/llvm/prebuilt/linux-x86_64/sysroot -DHAVE_ARM_MODE  -g -DANDROID -fdata-sections -ffunction-sections -funwind-tables -fstack-protector-strong -no-canonical-prefixes -mstackrealign -D_FORTIFY_SOURCE=2 -Wformat -Werror=format-security  -idirafter "/home/david_marinho/AndroidStudioProjects/android-project/app/jni/SDL/src/video/khronos" -Werror=unused-command-line-argument -fPIE   -marm -MD -MT CMakeFiles/cmTC_ee91d.dir/src.c.o -MF CMakeFiles/cmTC_ee91d.dir/src.c.o.d -o CMakeFiles/cmTC_ee91d.dir/src.c.o -c /home/david_marinho/AndroidStudioProjects/android-project/app/.cxx/Debug/3s1ks5x4/x86/CMakeFiles/CMakeTmp/src.c
clang: error: argument unused during compilation: '-marm' [-Werror,-Wunused-command-line-argument]
ninja: build stopped: subcommand failed.


Source file was:
int main(void) { return 0; }
Determining if files pthread_np.h exist failed with the following output:
Change Dir: /home/david_marinho/AndroidStudioProjects/android-project/app/.cxx/Debug/3s1ks5x4/x86/CMakeFiles/CMakeTmp

Run Build Command(s):/home/david_marinho/Android/Sdk/cmake/3.22.1/bin/ninja cmTC_4524f && [1/2] Building C object CMakeFiles/cmTC_4524f.dir/HAVE_PTHREAD_NP_H.c.o
FAILED: CMakeFiles/cmTC_4524f.dir/HAVE_PTHREAD_NP_H.c.o 
/home/david_marinho/Android/Sdk/ndk/25.1.8937393/toolchains/llvm/prebuilt/linux-x86_64/bin/clang --target=i686-none-linux-android19 --sysroot=/home/david_marinho/Android/Sdk/ndk/25.1.8937393/toolchains/llvm/prebuilt/linux-x86_64/sysroot   -g -DANDROID -fdata-sections -ffunction-sections -funwind-tables -fstack-protector-strong -no-canonical-prefixes -mstackrealign -D_FORTIFY_SOURCE=2 -Wformat -Werror=format-security  -idirafter "/home/david_marinho/AndroidStudioProjects/android-project/app/jni/SDL/src/video/khronos"  -D_GNU_SOURCE=1 -fPIE -MD -MT CMakeFiles/cmTC_4524f.dir/HAVE_PTHREAD_NP_H.c.o -MF CMakeFiles/cmTC_4524f.dir/HAVE_PTHREAD_NP_H.c.o.d -o CMakeFiles/cmTC_4524f.dir/HAVE_PTHREAD_NP_H.c.o -c /home/david_marinho/AndroidStudioProjects/android-project/app/.cxx/Debug/3s1ks5x4/x86/CMakeFiles/CheckIncludeFiles/HAVE_PTHREAD_NP_H.c
/home/david_marinho/AndroidStudioProjects/android-project/app/.cxx/Debug/3s1ks5x4/x86/CMakeFiles/CheckIncludeFiles/HAVE_PTHREAD_NP_H.c:2:10: fatal error: 'pthread_np.h' file not found
#include <pthread_np.h>
         ^~~~~~~~~~~~~~
1 error generated.
ninja: build stopped: subcommand failed.


Source:
/* */
#include <pthread_np.h>


int main(void){return 0;}

